<?xml version="1.0" encoding="UTF-8"?>
<!-- Generated by org.testng.reporters.JUnitReportReporter -->
<testsuite hostname="hp" failures="0" tests="1" name="Java_Practice.PrintSecondMaximumNumber" time="0.013" errors="0" timestamp="2024-01-06T11:08:16 IST" skipped="0">
  <testcase classname="Java_Practice.PrintSecondMaximumNumber" name="test" time="0.013"/>
  <system-out/>
</testsuite> <!-- Java_Practice.PrintSecondMaximumNumber -->
