<?xml version="1.0" encoding="UTF-8"?>
<!-- Generated by org.testng.reporters.JUnitReportReporter -->
<testsuite hostname="hp" failures="0" tests="1" name="Java_Practice.SwapTwoNumber" time="0.012" errors="0" timestamp="2024-01-11T10:53:29 IST" skipped="0">
  <testcase classname="Java_Practice.SwapTwoNumber" name="Swap2Numberusing3rdvariable" time="0.012"/>
  <system-out/>
</testsuite> <!-- Java_Practice.SwapTwoNumber -->
