<?xml version="1.0" encoding="UTF-8"?>
<!-- Generated by org.testng.reporters.JUnitReportReporter -->
<testsuite hostname="hp" failures="0" tests="1" name="Java_Practice.CountAndPrintVowelAndConsonentFromString" time="0.012" errors="0" timestamp="2024-01-08T23:25:40 IST" skipped="0">
  <testcase classname="Java_Practice.CountAndPrintVowelAndConsonentFromString" name="Tekion" time="0.012"/>
  <system-out/>
</testsuite> <!-- Java_Practice.CountAndPrintVowelAndConsonentFromString -->
