<?xml version="1.0" encoding="UTF-8"?>
<!-- Generated by org.testng.reporters.JUnitReportReporter -->
<testsuite hostname="hp" failures="0" tests="1" name="Arrays.Assign_PrintOnly_Duplicate_Character_With_Count" time="0.014" errors="0" timestamp="2023-12-07T21:10:47 IST" skipped="0">
  <testcase classname="Arrays.Assign_PrintOnly_Duplicate_Character_With_Count" name="test" time="0.014"/>
  <system-out/>
</testsuite> <!-- Arrays.Assign_PrintOnly_Duplicate_Character_With_Count -->
