<?xml version="1.0" encoding="UTF-8"?>
<!-- Generated by org.testng.reporters.JUnitReportReporter -->
<testsuite hostname="hp" failures="0" tests="1" name="Arrays.First_Min_And_Second_MinAnd_First_Max_And_Second_Max" time="0.014" errors="0" timestamp="2023-12-14T10:09:24 IST" skipped="0">
  <testcase classname="Arrays.First_Min_And_Second_MinAnd_First_Max_And_Second_Max" name="test" time="0.014"/>
  <system-out/>
</testsuite> <!-- Arrays.First_Min_And_Second_MinAnd_First_Max_And_Second_Max -->
