<?xml version="1.0" encoding="UTF-8"?>
<!-- Generated by org.testng.reporters.JUnitReportReporter -->
<testsuite hostname="hp" failures="0" tests="1" name="JavaPracticePrograms.Program3" time="0.014" errors="0" timestamp="2024-01-08T10:58:14 IST" skipped="0">
  <testcase classname="JavaPracticePrograms.Program3" name="test" time="0.014"/>
  <system-out/>
</testsuite> <!-- JavaPracticePrograms.Program3 -->
