<?xml version="1.0" encoding="UTF-8"?>
<!-- Generated by org.testng.reporters.JUnitReportReporter -->
<testsuite hostname="hp" failures="0" tests="1" name="Arrays.Asign_Remove_Duplicate_Characters" time="0.014" errors="0" timestamp="2023-12-07T20:43:06 IST" skipped="0">
  <testcase classname="Arrays.Asign_Remove_Duplicate_Characters" name="test" time="0.014"/>
  <system-out/>
</testsuite> <!-- Arrays.Asign_Remove_Duplicate_Characters -->
