<?xml version="1.0" encoding="UTF-8"?>
<!-- Generated by org.testng.reporters.JUnitReportReporter -->
<testsuite hostname="hp" failures="0" tests="1" name="Strings.Swap_First_And_Last_String" time="0.020" errors="0" timestamp="2023-12-10T18:45:40 IST" skipped="0">
  <testcase classname="Strings.Swap_First_And_Last_String" name="test" time="0.020"/>
  <system-out/>
</testsuite> <!-- Strings.Swap_First_And_Last_String -->
