<?xml version="1.0" encoding="UTF-8"?>
<!-- Generated by org.testng.reporters.JUnitReportReporter -->
<testsuite hostname="hp" failures="0" tests="1" name="DataDrivenTesting.RMGYangerTest_Validate_Data" time="14.708" errors="0" timestamp="2023-11-09T16:08:20 IST" skipped="0">
  <testcase classname="DataDrivenTesting.RMGYangerTest_Validate_Data" name="Test" time="14.708"/>
  <system-out/>
</testsuite> <!-- DataDrivenTesting.RMGYangerTest_Validate_Data -->
