<?xml version="1.0" encoding="UTF-8"?>
<!-- Generated by org.testng.reporters.JUnitReportReporter -->
<testsuite hostname="hp" failures="0" tests="1" name="Collection.coll" time="0.012" errors="0" timestamp="2023-12-06T11:01:26 IST" skipped="0">
  <testcase classname="Collection.coll" name="arraylist" time="0.012"/>
  <system-out/>
</testsuite> <!-- Collection.coll -->
