<?xml version="1.0" encoding="UTF-8"?>
<!-- Generated by org.testng.reporters.JUnitReportReporter -->
<testsuite hostname="hp" failures="0" tests="1" name="Strings.Remove_First_And_Second_String_And_Reverse_Last_String" time="0.014" errors="0" timestamp="2023-12-07T11:10:16 IST" skipped="0">
  <testcase classname="Strings.Remove_First_And_Second_String_And_Reverse_Last_String" name="remove_And_reverse" time="0.014"/>
  <system-out/>
</testsuite> <!-- Strings.Remove_First_And_Second_String_And_Reverse_Last_String -->
