<?xml version="1.0" encoding="UTF-8"?>
<!-- Generated by org.testng.reporters.JUnitReportReporter -->
<testsuite hostname="hp" failures="0" tests="1" name="Arrays.First_Min_And_Second_MinAnd_First_Max_And_Second_Max" time="0.015" errors="0" timestamp="2024-01-01T13:45:03 IST" skipped="0">
  <testcase classname="Arrays.First_Min_And_Second_MinAnd_First_Max_And_Second_Max" name="test" time="0.015"/>
  <system-out/>
</testsuite> <!-- Arrays.First_Min_And_Second_MinAnd_First_Max_And_Second_Max -->
