<?xml version="1.0" encoding="UTF-8"?>
<!-- Generated by org.testng.reporters.JUnitReportReporter -->
<testsuite hostname="hp" failures="0" tests="1" name="JavaPracticePrograms.SeconDProgramTest" time="0.015" errors="0" timestamp="2024-01-08T10:32:48 IST" skipped="0">
  <testcase classname="JavaPracticePrograms.SeconDProgramTest" name="test" time="0.015"/>
  <system-out/>
</testsuite> <!-- JavaPracticePrograms.SeconDProgramTest -->
