<?xml version="1.0" encoding="UTF-8"?>
<!-- Generated by org.testng.reporters.JUnitReportReporter -->
<testsuite hostname="hp" failures="0" tests="1" name="Strings.Assign_Print_Only_Duplicate_Characters" time="0.022" errors="0" timestamp="2023-12-08T09:49:09 IST" skipped="0">
  <testcase classname="Strings.Assign_Print_Only_Duplicate_Characters" name="PrintDuplicate" time="0.022"/>
  <system-out/>
</testsuite> <!-- Strings.Assign_Print_Only_Duplicate_Characters -->
