<?xml version="1.0" encoding="UTF-8"?>
<!-- Generated by org.testng.reporters.JUnitReportReporter -->
<testsuite hostname="hp" failures="0" tests="1" name="JavaPracticePrograms.SwapFirstAndLastWord" time="0.017" errors="0" timestamp="2024-01-01T18:43:19 IST" skipped="0">
  <testcase classname="JavaPracticePrograms.SwapFirstAndLastWord" name="test2" time="0.017"/>
  <system-out/>
</testsuite> <!-- JavaPracticePrograms.SwapFirstAndLastWord -->
