<?xml version="1.0" encoding="UTF-8"?>
<!-- Generated by org.testng.reporters.JUnitReportReporter -->
<testsuite hostname="hp" failures="0" tests="1" name="Java_Practice.Reverse_Split_Each_Word" time="0.016" errors="0" timestamp="2024-01-11T18:30:00 IST" skipped="0">
  <testcase classname="Java_Practice.Reverse_Split_Each_Word" name="test" time="0.016"/>
  <system-out/>
</testsuite> <!-- Java_Practice.Reverse_Split_Each_Word -->
