<?xml version="1.0" encoding="UTF-8"?>
<!-- Generated by org.testng.reporters.JUnitReportReporter -->
<testsuite hostname="hp" failures="0" tests="1" name="Automate_Project_TestCases.Manufacturer_should_be_able_to_add_products" time="5.792" errors="0" timestamp="2023-11-16T17:43:02 IST" skipped="0">
  <testcase classname="Automate_Project_TestCases.Manufacturer_should_be_able_to_add_products" name="test" time="5.792"/>
  <system-out/>
</testsuite> <!-- Automate_Project_TestCases.Manufacturer_should_be_able_to_add_products -->
