<?xml version="1.0" encoding="UTF-8"?>
<!-- Generated by org.testng.reporters.JUnitReportReporter -->
<testsuite hostname="hp" failures="0" tests="1" name="Strings.Print_Only_Duplicate_Characters_In_String" time="0.018" errors="0" timestamp="2023-12-31T22:19:36 IST" skipped="0">
  <testcase classname="Strings.Print_Only_Duplicate_Characters_In_String" name="test" time="0.018"/>
  <system-out/>
</testsuite> <!-- Strings.Print_Only_Duplicate_Characters_In_String -->
