<?xml version="1.0" encoding="UTF-8"?>
<!-- Generated by org.testng.reporters.JUnitReportReporter -->
<testsuite hostname="hp" failures="0" tests="1" name="Arrays.Assign_Print_Only_Unique_Characters_From_Arrays" time="0.019" errors="0" timestamp="2023-12-07T21:11:47 IST" skipped="0">
  <testcase classname="Arrays.Assign_Print_Only_Unique_Characters_From_Arrays" name="test" time="0.019"/>
  <system-out/>
</testsuite> <!-- Arrays.Assign_Print_Only_Unique_Characters_From_Arrays -->
