<?xml version="1.0" encoding="UTF-8"?>
<!-- Generated by org.testng.reporters.JUnitReportReporter -->
<testsuite hostname="hp" failures="0" tests="1" name="JavaPracticePrograms.printOnly_UniqueCharacter" time="0.014" errors="0" timestamp="2024-01-01T17:32:35 IST" skipped="0">
  <testcase classname="JavaPracticePrograms.printOnly_UniqueCharacter" name="test" time="0.014"/>
  <system-out/>
</testsuite> <!-- JavaPracticePrograms.printOnly_UniqueCharacter -->
