<?xml version="1.0" encoding="UTF-8"?>
<!-- Generated by org.testng.reporters.JUnitReportReporter -->
<testsuite hostname="hp" failures="0" tests="1" name="Strings.Imp_Program" time="0.010" errors="0" timestamp="2024-01-08T23:46:41 IST" skipped="0">
  <testcase classname="Strings.Imp_Program" name="test" time="0.010"/>
  <system-out/>
</testsuite> <!-- Strings.Imp_Program -->
