<?xml version="1.0" encoding="UTF-8"?>
<!-- Generated by org.testng.reporters.JUnitReportReporter -->
<testsuite hostname="hp" failures="0" tests="1" name="Admin_Module_SCM_Flex.DeletingRetailer_Test" time="9.773" errors="0" timestamp="2023-11-29T13:07:12 IST" skipped="0">
  <testcase classname="Admin_Module_SCM_Flex.DeletingRetailer_Test" name="test" time="9.773"/>
  <system-out/>
</testsuite> <!-- Admin_Module_SCM_Flex.DeletingRetailer_Test -->
