<?xml version="1.0" encoding="UTF-8"?>
<!-- Generated by org.testng.reporters.JUnitReportReporter -->
<testsuite hostname="hp" failures="0" tests="1" name="Arrays.Combinatio_Sum_Of_Array_11" time="0.017" errors="0" timestamp="2023-12-08T18:15:40 IST" skipped="0">
  <testcase classname="Arrays.Combinatio_Sum_Of_Array_11" name="test" time="0.017"/>
  <system-out/>
</testsuite> <!-- Arrays.Combinatio_Sum_Of_Array_11 -->
