<?xml version="1.0" encoding="UTF-8"?>
<!-- Generated by org.testng.reporters.JUnitReportReporter -->
<testsuite hostname="hp" failures="0" tests="1" name="Java_Practice.ReverseSentenceExceptSpecialCharacter" time="0.019" errors="0" timestamp="2024-01-11T18:22:37 IST" skipped="0">
  <testcase classname="Java_Practice.ReverseSentenceExceptSpecialCharacter" name="test" time="0.019"/>
  <system-out/>
</testsuite> <!-- Java_Practice.ReverseSentenceExceptSpecialCharacter -->
