<?xml version="1.0" encoding="UTF-8"?>
<!-- Generated by org.testng.reporters.JUnitReportReporter -->
<testsuite hostname="hp" failures="0" tests="1" name="JavaPracticePrograms.Test4" time="0.013" errors="0" timestamp="2024-01-08T11:29:09 IST" skipped="0">
  <testcase classname="JavaPracticePrograms.Test4" name="Occurence" time="0.013"/>
  <system-out/>
</testsuite> <!-- JavaPracticePrograms.Test4 -->
