<?xml version="1.0" encoding="UTF-8"?>
<!-- Generated by org.testng.reporters.JUnitReportReporter -->
<testsuite hostname="hp" failures="0" tests="1" name="Debug.Sum" time="0.013" errors="0" timestamp="2023-12-28T16:50:56 IST" skipped="0">
  <testcase classname="Debug.Sum" name="SumOfElement" time="0.013"/>
  <system-out/>
</testsuite> <!-- Debug.Sum -->
