<?xml version="1.0" encoding="UTF-8"?>
<!-- Generated by org.testng.reporters.JUnitReportReporter -->
<testsuite hostname="hp" failures="0" tests="1" name="Arrays.AscendingOrderBubbleSort" time="0.015" errors="0" timestamp="2023-12-06T16:16:30 IST" skipped="0">
  <testcase classname="Arrays.AscendingOrderBubbleSort" name="descendingOrder" time="0.015"/>
  <system-out/>
</testsuite> <!-- Arrays.AscendingOrderBubbleSort -->
