<?xml version="1.0" encoding="UTF-8"?>
<!-- Generated by org.testng.reporters.JUnitReportReporter -->
<testsuite hostname="hp" failures="0" tests="1" name="Arrays.Sum_Of_Minimum_3_number_Of_Array" time="0.023" errors="0" timestamp="2023-12-06T16:38:47 IST" skipped="0">
  <testcase classname="Arrays.Sum_Of_Minimum_3_number_Of_Array" name="sumOfMini3" time="0.023"/>
  <system-out/>
</testsuite> <!-- Arrays.Sum_Of_Minimum_3_number_Of_Array -->
