<?xml version="1.0" encoding="UTF-8"?>
<!-- Generated by org.testng.reporters.JUnitReportReporter -->
<testsuite hostname="hp" failures="0" tests="1" name="Assignment_01.RishavAmazonAsignment" time="60.874" errors="0" timestamp="2024-01-16T16:24:15 IST" skipped="0">
  <testcase classname="Assignment_01.RishavAmazonAsignment" name="test" time="60.874"/>
  <system-out/>
</testsuite> <!-- Assignment_01.RishavAmazonAsignment -->
