<?xml version="1.0" encoding="UTF-8"?>
<!-- Generated by org.testng.reporters.JUnitReportReporter -->
<testsuite hostname="hp" failures="0" tests="5" name="PracticeTestNG.TestNg2" time="0.017" errors="0" timestamp="2023-11-20T14:45:58 IST" skipped="0">
  <testcase classname="PracticeTestNG.TestNg2" name="modifytest" time="0.001"/>
  <system-out/>
  <testcase classname="PracticeTestNG.TestNg2" name="createtest" time="0.001"/>
  <system-out/>
  <testcase classname="PracticeTestNG.TestNg2" name="updatetest" time="0.001"/>
  <system-out/>
  <testcase classname="PracticeTestNG.TestNg2" name="edittest" time="0.013"/>
  <system-out/>
  <testcase classname="PracticeTestNG.TestNg2" name="deletetest" time="0.001"/>
  <system-out/>
</testsuite> <!-- PracticeTestNG.TestNg2 -->
