<?xml version="1.0" encoding="UTF-8"?>
<!-- Generated by org.testng.reporters.JUnitReportReporter -->
<testsuite hostname="hp" failures="0" tests="1" name="PracticeTestNG.test" time="4.459" errors="0" timestamp="2023-11-20T17:46:51 IST" skipped="0">
  <testcase classname="PracticeTestNG.test" name="test" time="4.459"/>
  <system-out/>
</testsuite> <!-- PracticeTestNG.test -->
