<?xml version="1.0" encoding="UTF-8"?>
<!-- Generated by org.testng.reporters.JUnitReportReporter -->
<testsuite hostname="hp" failures="0" tests="1" name="Strings.Segregate_Alpha_Numeric_Special_charcater" time="13.410" errors="0" timestamp="2023-12-07T18:00:54 IST" skipped="0">
  <testcase classname="Strings.Segregate_Alpha_Numeric_Special_charcater" name="test" time="13.410"/>
  <system-out/>
</testsuite> <!-- Strings.Segregate_Alpha_Numeric_Special_charcater -->
