<?xml version="1.0" encoding="UTF-8"?>
<!-- Generated by org.testng.reporters.JUnitReportReporter -->
<testsuite hostname="hp" failures="0" tests="1" name="Assignment_01.AmazonPrakshSirTest" time="22.986" errors="0" timestamp="2024-01-13T16:52:59 IST" skipped="0">
  <testcase classname="Assignment_01.AmazonPrakshSirTest" name="test" time="22.986"/>
  <system-out/>
</testsuite> <!-- Assignment_01.AmazonPrakshSirTest -->
