<?xml version="1.0" encoding="UTF-8"?>
<!-- Generated by org.testng.reporters.JUnitReportReporter -->
<testsuite hostname="hp" failures="0" tests="1" name="BrokenLinks.P" time="49.811" errors="0" timestamp="2023-12-04T12:59:54 IST" skipped="0">
  <testcase classname="BrokenLinks.P" name="test" time="49.811"/>
  <system-out/>
</testsuite> <!-- BrokenLinks.P -->
