<?xml version="1.0" encoding="UTF-8"?>
<!-- Generated by org.testng.reporters.JUnitReportReporter -->
<testsuite hostname="hp" failures="0" tests="1" name="DataDrivenTesting.Read_Data_From_CommandCrompt" time="8.418" errors="0" timestamp="2023-11-10T13:28:17 IST" skipped="0">
  <testcase classname="DataDrivenTesting.Read_Data_From_CommandCrompt" name="test" time="8.418"/>
  <system-out/>
</testsuite> <!-- DataDrivenTesting.Read_Data_From_CommandCrompt -->
