<?xml version="1.0" encoding="UTF-8"?>
<!-- Generated by org.testng.reporters.JUnitReportReporter -->
<testsuite hostname="hp" failures="0" tests="1" name="Java_Practice.MockProgram5" time="0.015" errors="0" timestamp="2024-01-08T12:29:26 IST" skipped="0">
  <testcase classname="Java_Practice.MockProgram5" name="test" time="0.015"/>
  <system-out/>
</testsuite> <!-- Java_Practice.MockProgram5 -->
