<?xml version="1.0" encoding="UTF-8"?>
<!-- Generated by org.testng.reporters.JUnitReportReporter -->
<testsuite hostname="hp" failures="0" tests="1" name="Java_Practice.printVowelandConsonent" time="0.013" errors="0" timestamp="2024-01-08T23:31:14 IST" skipped="0">
  <testcase classname="Java_Practice.printVowelandConsonent" name="test" time="0.013"/>
  <system-out/>
</testsuite> <!-- Java_Practice.printVowelandConsonent -->
