<?xml version="1.0" encoding="UTF-8"?>
<!-- Generated by org.testng.reporters.JUnitReportReporter -->
<testsuite hostname="hp" failures="0" tests="1" name="Strings.Print_Only_Non_repeated_Char_In_String" time="0.016" errors="0" timestamp="2023-12-07T12:33:32 IST" skipped="0">
  <testcase classname="Strings.Print_Only_Non_repeated_Char_In_String" name="test" time="0.016"/>
  <system-out/>
</testsuite> <!-- Strings.Print_Only_Non_repeated_Char_In_String -->
