<?xml version="1.0" encoding="UTF-8"?>
<!-- Generated by org.testng.reporters.JUnitReportReporter -->
<testsuite hostname="hp" failures="0" tests="1" name="Practice_Demo.test" time="2.553" errors="0" timestamp="2023-12-29T12:52:51 IST" skipped="0">
  <testcase classname="Practice_Demo.test" name="test1" time="2.553"/>
  <system-out/>
</testsuite> <!-- Practice_Demo.test -->
