<?xml version="1.0" encoding="UTF-8"?>
<!-- Generated by org.testng.reporters.JUnitReportReporter -->
<testsuite hostname="hp" failures="0" tests="1" name="Arrays.Adding_Two_Arrays" time="0.009" errors="0" timestamp="2023-12-13T18:14:36 IST" skipped="0">
  <testcase classname="Arrays.Adding_Two_Arrays" name="test" time="0.009"/>
  <system-out/>
</testsuite> <!-- Arrays.Adding_Two_Arrays -->
