<?xml version="1.0" encoding="UTF-8"?>
<!-- Generated by org.testng.reporters.JUnitReportReporter -->
<testsuite hostname="hp" failures="0" tests="1" name="Strings.String_Palindrome" time="0.016" errors="0" timestamp="2023-12-07T10:52:54 IST" skipped="0">
  <testcase classname="Strings.String_Palindrome" name="palindrome" time="0.016"/>
  <system-out/>
</testsuite> <!-- Strings.String_Palindrome -->
