<?xml version="1.0" encoding="UTF-8"?>
<!-- Generated by org.testng.reporters.JUnitReportReporter -->
<testsuite hostname="hp" failures="0" tests="1" name="Assignment_01.test" time="43.504" errors="0" timestamp="2024-01-05T09:27:24 IST" skipped="0">
  <testcase classname="Assignment_01.test" name="test4" time="43.504"/>
  <system-out/>
</testsuite> <!-- Assignment_01.test -->
