<?xml version="1.0" encoding="UTF-8"?>
<!-- Generated by org.testng.reporters.JUnitReportReporter -->
<testsuite hostname="hp" failures="0" tests="1" name="Strings.Imp_Program" time="0.016" errors="0" timestamp="2023-12-22T09:40:53 IST" skipped="0">
  <testcase classname="Strings.Imp_Program" name="name" time="0.016"/>
  <system-out/>
</testsuite> <!-- Strings.Imp_Program -->
