<?xml version="1.0" encoding="UTF-8"?>
<!-- Generated by org.testng.reporters.JUnitReportReporter -->
<testsuite hostname="hp" failures="0" tests="1" name="Java_Practice.p2" time="0.016" errors="0" timestamp="2023-12-11T17:59:47 IST" skipped="0">
  <testcase classname="Java_Practice.p2" name="test" time="0.016"/>
  <system-out/>
</testsuite> <!-- Java_Practice.p2 -->
