<?xml version="1.0" encoding="UTF-8"?>
<!-- Generated by org.testng.reporters.JUnitReportReporter -->
<testsuite hostname="hp" failures="0" tests="1" name="Arrays.First_Max_Number_Of_array_Without_BubbleShort" time="0.014" errors="0" timestamp="2023-12-06T17:15:41 IST" skipped="0">
  <testcase classname="Arrays.First_Max_Number_Of_array_Without_BubbleShort" name="max" time="0.014"/>
  <system-out/>
</testsuite> <!-- Arrays.First_Max_Number_Of_array_Without_BubbleShort -->
