<?xml version="1.0" encoding="UTF-8"?>
<!-- Generated by org.testng.reporters.JUnitReportReporter -->
<testsuite hostname="hp" failures="0" tests="1" name="Java_Practice.RemoveNumberFromString" time="0.018" errors="0" timestamp="2024-01-07T17:22:43 IST" skipped="0">
  <testcase classname="Java_Practice.RemoveNumberFromString" name="test" time="0.018"/>
  <system-out/>
</testsuite> <!-- Java_Practice.RemoveNumberFromString -->
