<?xml version="1.0" encoding="UTF-8"?>
<!-- Generated by org.testng.reporters.JUnitReportReporter -->
<testsuite hostname="hp" failures="0" tests="1" name="Arrays.Find_Frequently_Repeated_Number_Of_Array" time="0.021" errors="0" timestamp="2023-12-09T20:03:47 IST" skipped="0">
  <testcase classname="Arrays.Find_Frequently_Repeated_Number_Of_Array" name="repeatedNumber" time="0.021"/>
  <system-out/>
</testsuite> <!-- Arrays.Find_Frequently_Repeated_Number_Of_Array -->
