<?xml version="1.0" encoding="UTF-8"?>
<!-- Generated by org.testng.reporters.JUnitReportReporter -->
<testsuite hostname="hp" failures="0" tests="1" name="Strings.Print_Only_Duplicate_Characters_In_String_By_Using_LinkedHashSet" time="0.018" errors="0" timestamp="2023-12-08T16:34:26 IST" skipped="0">
  <testcase classname="Strings.Print_Only_Duplicate_Characters_In_String_By_Using_LinkedHashSet" name="test" time="0.018"/>
  <system-out/>
</testsuite> <!-- Strings.Print_Only_Duplicate_Characters_In_String_By_Using_LinkedHashSet -->
