<?xml version="1.0" encoding="UTF-8"?>
<!-- Generated by org.testng.reporters.JUnitReportReporter -->
<testsuite hostname="hp" failures="0" tests="1" name="Admin_Module_SCM_Flex.To_check_add_retailers_page_is_displayed_Test" time="2.122" errors="0" timestamp="2023-12-29T09:53:27 IST" skipped="0">
  <testcase classname="Admin_Module_SCM_Flex.To_check_add_retailers_page_is_displayed_Test" name="test" time="2.122"/>
  <system-out>
    <![CDATA[test-------- TestScript execution starts from here---
test--------TestScript Executed Sucessfully]]>
  </system-out>
</testsuite> <!-- Admin_Module_SCM_Flex.To_check_add_retailers_page_is_displayed_Test -->
