<?xml version="1.0" encoding="UTF-8"?>
<!-- Generated by org.testng.reporters.JUnitReportReporter -->
<testsuite hostname="hp" failures="0" tests="1" name="Strings.Reverse_Complete_String" time="0.010" errors="0" timestamp="2023-12-11T09:42:09 IST" skipped="0">
  <testcase classname="Strings.Reverse_Complete_String" name="test" time="0.010"/>
  <system-out/>
</testsuite> <!-- Strings.Reverse_Complete_String -->
