<?xml version="1.0" encoding="UTF-8"?>
<!-- Generated by org.testng.reporters.JUnitReportReporter -->
<testsuite hostname="hp" failures="0" tests="1" name="Collection.LinkedHashSet_Test" time="0.012" errors="0" timestamp="2023-12-06T12:10:42 IST" skipped="0">
  <testcase classname="Collection.LinkedHashSet_Test" name="test" time="0.012"/>
  <system-out/>
</testsuite> <!-- Collection.LinkedHashSet_Test -->
