<?xml version="1.0" encoding="UTF-8"?>
<!-- Generated by org.testng.reporters.JUnitReportReporter -->
<testsuite hostname="hp" failures="0" tests="1" name="Map.linkedhashMap_test" time="0.020" errors="0" timestamp="2023-12-06T13:18:30 IST" skipped="0">
  <testcase classname="Map.linkedhashMap_test" name="test" time="0.020"/>
  <system-out/>
</testsuite> <!-- Map.linkedhashMap_test -->
