<?xml version="1.0" encoding="UTF-8"?>
<!-- Generated by org.testng.reporters.JUnitReportReporter -->
<testsuite hostname="hp" failures="0" tests="1" name="Number_Series_Programs.Print_PrimeNumber_In_Array" time="0.022" errors="0" timestamp="2023-12-08T15:44:34 IST" skipped="0">
  <testcase classname="Number_Series_Programs.Print_PrimeNumber_In_Array" name="test" time="0.022"/>
  <system-out/>
</testsuite> <!-- Number_Series_Programs.Print_PrimeNumber_In_Array -->
