<?xml version="1.0" encoding="UTF-8"?>
<!-- Generated by org.testng.reporters.JUnitReportReporter -->
<testsuite hostname="hp" failures="0" tests="1" name="Strings.Asign_Remove_Duplicate_Characters_From_String" time="0.024" errors="0" timestamp="2023-12-08T09:27:14 IST" skipped="0">
  <testcase classname="Strings.Asign_Remove_Duplicate_Characters_From_String" name="Remove_Duplicate" time="0.024"/>
  <system-out/>
</testsuite> <!-- Strings.Asign_Remove_Duplicate_Characters_From_String -->
