<?xml version="1.0" encoding="UTF-8"?>
<!-- Generated by org.testng.reporters.JUnitReportReporter -->
<testsuite hostname="hp" failures="0" tests="1" name="Arrays.Ascending_And_Descending_OrderBubbleSort" time="0.016" errors="0" timestamp="2023-12-28T12:57:58 IST" skipped="0">
  <testcase classname="Arrays.Ascending_And_Descending_OrderBubbleSort" name="ascendingOrder" time="0.016"/>
  <system-out/>
</testsuite> <!-- Arrays.Ascending_And_Descending_OrderBubbleSort -->
