<?xml version="1.0" encoding="UTF-8"?>
<!-- Generated by org.testng.reporters.JUnitReportReporter -->
<testsuite hostname="hp" failures="0" tests="1" name="Strings.ReverseString" time="0.011" errors="0" timestamp="2023-12-20T09:51:26 IST" skipped="0">
  <testcase classname="Strings.ReverseString" name="ReverseString_WithoutUsingForLoop_8" time="0.011"/>
  <system-out/>
</testsuite> <!-- Strings.ReverseString -->
