<?xml version="1.0" encoding="UTF-8"?>
<!-- Generated by org.testng.reporters.JUnitReportReporter -->
<testsuite hostname="hp" failures="0" tests="1" name="Number_Series_Programs.test" time="8.293" errors="0" timestamp="2023-12-08T16:03:36 IST" skipped="0">
  <testcase classname="Number_Series_Programs.test" name="t" time="8.293"/>
  <system-out/>
</testsuite> <!-- Number_Series_Programs.test -->
