<?xml version="1.0" encoding="UTF-8"?>
<!-- Generated by org.testng.reporters.JUnitReportReporter -->
<testsuite hostname="hp" failures="0" tests="1" name="Strings.Occurence_Of_Characters_By_Using_LinkedHashSet" time="0.017" errors="0" timestamp="2023-12-07T14:57:00 IST" skipped="0">
  <testcase classname="Strings.Occurence_Of_Characters_By_Using_LinkedHashSet" name="test" time="0.017"/>
  <system-out/>
</testsuite> <!-- Strings.Occurence_Of_Characters_By_Using_LinkedHashSet -->
