<?xml version="1.0" encoding="UTF-8"?>
<!-- Generated by org.testng.reporters.JUnitReportReporter -->
<testsuite hostname="hp" failures="0" tests="1" name="Arrays.Assign_Print_Only_Duplicate_Elements_By_Using_LinkedHashMap" time="0.012" errors="0" timestamp="2023-12-09T13:08:34 IST" skipped="0">
  <testcase classname="Arrays.Assign_Print_Only_Duplicate_Elements_By_Using_LinkedHashMap" name="DuplicateElements" time="0.012"/>
  <system-out/>
</testsuite> <!-- Arrays.Assign_Print_Only_Duplicate_Elements_By_Using_LinkedHashMap -->
