<?xml version="1.0" encoding="UTF-8"?>
<!-- Generated by org.testng.reporters.JUnitReportReporter -->
<testsuite hostname="hp" failures="0" tests="1" name="Collection.HashSet_Test" time="0.012" errors="0" timestamp="2023-12-06T11:15:29 IST" skipped="0">
  <testcase classname="Collection.HashSet_Test" name="hast" time="0.012"/>
  <system-out/>
</testsuite> <!-- Collection.HashSet_Test -->
