<?xml version="1.0" encoding="UTF-8"?>
<!-- Generated by org.testng.reporters.JUnitReportReporter -->
<testsuite hostname="hp" failures="0" tests="1" name="Java_Practice.Print_Only_EvenNumber_From_Array" time="0.018" errors="0" timestamp="2024-01-06T11:41:51 IST" skipped="0">
  <testcase classname="Java_Practice.Print_Only_EvenNumber_From_Array" name="test" time="0.018"/>
  <system-out/>
</testsuite> <!-- Java_Practice.Print_Only_EvenNumber_From_Array -->
