<?xml version="1.0" encoding="UTF-8"?>
<!-- Generated by org.testng.reporters.JUnitReportReporter -->
<testsuite hostname="hp" failures="0" tests="1" name="Arrays.Find_Maximum_Length_Value_In_NumberString_Array" time="0.011" errors="0" timestamp="2023-12-08T11:09:11 IST" skipped="0">
  <testcase classname="Arrays.Find_Maximum_Length_Value_In_NumberString_Array" name="MaxNumberValue" time="0.011"/>
  <system-out/>
</testsuite> <!-- Arrays.Find_Maximum_Length_Value_In_NumberString_Array -->
