<?xml version="1.0" encoding="UTF-8"?>
<!-- Generated by org.testng.reporters.JUnitReportReporter -->
<testsuite hostname="hp" failures="0" tests="1" name="Strings.Reverse_Each_Word" time="0.015" errors="0" timestamp="2023-12-15T15:03:46 IST" skipped="0">
  <testcase classname="Strings.Reverse_Each_Word" name="revereEach_Word_2" time="0.015"/>
  <system-out/>
</testsuite> <!-- Strings.Reverse_Each_Word -->
