<?xml version="1.0" encoding="UTF-8"?>
<!-- Generated by org.testng.reporters.JUnitReportReporter -->
<testsuite hostname="hp" failures="0" tests="2" name="Arrays.Swaping" time="0.030" errors="0" timestamp="2023-12-06T16:19:35 IST" skipped="0">
  <testcase classname="Arrays.Swaping" name="swap2Number" time="0.027"/>
  <system-out/>
  <testcase classname="Arrays.Swaping" name="swap2NumberWithoutusing3RdVariable" time="0.003"/>
  <system-out/>
</testsuite> <!-- Arrays.Swaping -->
