<?xml version="1.0" encoding="UTF-8"?>
<!-- Generated by org.testng.reporters.JUnitReportReporter -->
<testsuite hostname="hp" failures="0" tests="1" name="PatternPrograms.p6" time="0.018" errors="0" timestamp="2023-12-08T13:08:32 IST" skipped="0">
  <testcase classname="PatternPrograms.p6" name="test" time="0.018"/>
  <system-out/>
</testsuite> <!-- PatternPrograms.p6 -->
