<?xml version="1.0" encoding="UTF-8"?>
<!-- Generated by org.testng.reporters.JUnitReportReporter -->
<testsuite hostname="hp" failures="0" tests="1" name="Map.hashMap_Test" time="0.013" errors="0" timestamp="2023-12-06T12:58:23 IST" skipped="0">
  <testcase classname="Map.hashMap_Test" name="test" time="0.013"/>
  <system-out/>
</testsuite> <!-- Map.hashMap_Test -->
