<?xml version="1.0" encoding="UTF-8"?>
<!-- Generated by org.testng.reporters.JUnitReportReporter -->
<testsuite hostname="hp" failures="0" tests="1" name="PatternPrograms.p3" time="0.012" errors="0" timestamp="2023-12-08T12:52:48 IST" skipped="0">
  <testcase classname="PatternPrograms.p3" name="test" time="0.012"/>
  <system-out/>
</testsuite> <!-- PatternPrograms.p3 -->
