<?xml version="1.0" encoding="UTF-8"?>
<!-- Generated by org.testng.reporters.JUnitReportReporter -->
<testsuite hostname="hp" failures="0" tests="1" name="Strings.SumOfDigitInString" time="0.018" errors="0" timestamp="2023-12-08T10:46:56 IST" skipped="0">
  <testcase classname="Strings.SumOfDigitInString" name="sumDigit" time="0.018"/>
  <system-out/>
</testsuite> <!-- Strings.SumOfDigitInString -->
