<?xml version="1.0" encoding="UTF-8"?>
<!-- Generated by org.testng.reporters.JUnitReportReporter -->
<testsuite hostname="hp" failures="0" tests="1" name="Arrays.Assign_Print_Occurence_Of_Element_By_LInkedHashMap" time="0.021" errors="0" timestamp="2023-12-28T13:19:10 IST" skipped="0">
  <testcase classname="Arrays.Assign_Print_Occurence_Of_Element_By_LInkedHashMap" name="OccurenceOfElements" time="0.021"/>
  <system-out/>
</testsuite> <!-- Arrays.Assign_Print_Occurence_Of_Element_By_LInkedHashMap -->
