<?xml version="1.0" encoding="UTF-8"?>
<!-- Generated by org.testng.reporters.JUnitReportReporter -->
<testsuite hostname="hp" failures="0" tests="1" name="PatternPrograms.p1" time="0.017" errors="0" timestamp="2023-12-08T13:30:29 IST" skipped="0">
  <testcase classname="PatternPrograms.p1" name="test" time="0.017"/>
  <system-out/>
</testsuite> <!-- PatternPrograms.p1 -->
