<?xml version="1.0" encoding="UTF-8"?>
<!-- Generated by org.testng.reporters.JUnitReportReporter -->
<testsuite hostname="hp" failures="0" tests="4" name="Practice_Demo.DataProvider_Facebook_Sign_Test" time="24.453" errors="0" timestamp="2023-12-22T15:57:35 IST" skipped="0">
  <testcase classname="Practice_Demo.DataProvider_Facebook_Sign_Test" name="test" time="4.604"/>
  <system-out/>
  <testcase classname="Practice_Demo.DataProvider_Facebook_Sign_Test" name="test" time="5.174"/>
  <system-out/>
  <testcase classname="Practice_Demo.DataProvider_Facebook_Sign_Test" name="test" time="4.925"/>
  <system-out/>
  <testcase classname="Practice_Demo.DataProvider_Facebook_Sign_Test" name="test" time="9.750"/>
  <system-out/>
</testsuite> <!-- Practice_Demo.DataProvider_Facebook_Sign_Test -->
