<?xml version="1.0" encoding="UTF-8"?>
<!-- Generated by org.testng.reporters.JUnitReportReporter -->
<testsuite hostname="hp" failures="0" tests="2" name="PracticeTestNG.Sample_Test" time="0.004" errors="0" timestamp="2023-11-22T14:45:46 IST" skipped="0">
  <testcase classname="PracticeTestNG.Sample_Test" name="Sample1" time="0.002"/>
  <system-out/>
  <testcase classname="PracticeTestNG.Sample_Test" name="Sample2" time="0.002"/>
  <system-out/>
</testsuite> <!-- PracticeTestNG.Sample_Test -->
