<?xml version="1.0" encoding="UTF-8"?>
<!-- Generated by org.testng.reporters.JUnitReportReporter -->
<testsuite hostname="hp" failures="0" tests="1" name="Number_Series_Programs.Factorial_Number" time="0.014" errors="0" timestamp="2023-12-08T15:10:22 IST" skipped="0">
  <testcase classname="Number_Series_Programs.Factorial_Number" name="test" time="0.014"/>
  <system-out/>
</testsuite> <!-- Number_Series_Programs.Factorial_Number -->
