<?xml version="1.0" encoding="UTF-8"?>
<!-- Generated by org.testng.reporters.JUnitReportReporter -->
<testsuite hostname="hp" failures="0" tests="1" name="Arrays.Find_Min_Length_Value_In_String_Array" time="0.021" errors="0" timestamp="2023-12-09T20:30:04 IST" skipped="0">
  <testcase classname="Arrays.Find_Min_Length_Value_In_String_Array" name="minLengt" time="0.021"/>
  <system-out/>
</testsuite> <!-- Arrays.Find_Min_Length_Value_In_String_Array -->
