<?xml version="1.0" encoding="UTF-8"?>
<!-- Generated by org.testng.reporters.JUnitReportReporter -->
<testsuite hostname="hp" failures="0" tests="1" name="Java_Practice.PrintOnlyVowelWithoutDuplicate" time="0.020" errors="0" timestamp="2024-01-06T09:55:46 IST" skipped="0">
  <testcase classname="Java_Practice.PrintOnlyVowelWithoutDuplicate" name="test" time="0.020"/>
  <system-out/>
</testsuite> <!-- Java_Practice.PrintOnlyVowelWithoutDuplicate -->
