<?xml version="1.0" encoding="UTF-8"?>
<!-- Generated by org.testng.reporters.JUnitReportReporter -->
<testsuite hostname="hp" failures="0" tests="4" name="Practice_Demo.DataProvider_Facebook_Sign_Test" time="24.873" errors="0" timestamp="2023-12-05T10:11:45 IST" skipped="0">
  <testcase classname="Practice_Demo.DataProvider_Facebook_Sign_Test" name="test" time="8.329"/>
  <system-out/>
  <testcase classname="Practice_Demo.DataProvider_Facebook_Sign_Test" name="test" time="4.818"/>
  <system-out/>
  <testcase classname="Practice_Demo.DataProvider_Facebook_Sign_Test" name="test" time="5.201"/>
  <system-out/>
  <testcase classname="Practice_Demo.DataProvider_Facebook_Sign_Test" name="test" time="6.525"/>
  <system-out/>
</testsuite> <!-- Practice_Demo.DataProvider_Facebook_Sign_Test -->
