<?xml version="1.0" encoding="UTF-8"?>
<!-- Generated by org.testng.reporters.JUnitReportReporter -->
<testsuite hostname="hp" failures="0" tests="1" name="Arrays.Asign_Remove_Duplicate_Characters_From_Arrays_By_LinkedHashMap" time="0.019" errors="0" timestamp="2023-12-08T09:59:06 IST" skipped="0">
  <testcase classname="Arrays.Asign_Remove_Duplicate_Characters_From_Arrays_By_LinkedHashMap" name="removeDuplicate" time="0.019"/>
  <system-out/>
</testsuite> <!-- Arrays.Asign_Remove_Duplicate_Characters_From_Arrays_By_LinkedHashMap -->
