<?xml version="1.0" encoding="UTF-8"?>
<!-- Generated by org.testng.reporters.JUnitReportReporter -->
<testsuite hostname="hp" failures="0" tests="1" name="Arrays.First_Min_Number_Without_using_BubbleShort" time="0.016" errors="0" timestamp="2023-12-07T18:13:43 IST" skipped="0">
  <testcase classname="Arrays.First_Min_Number_Without_using_BubbleShort" name="min" time="0.016"/>
  <system-out/>
</testsuite> <!-- Arrays.First_Min_Number_Without_using_BubbleShort -->
