<?xml version="1.0" encoding="UTF-8"?>
<!-- Generated by org.testng.reporters.JUnitReportReporter -->
<testsuite hostname="hp" failures="0" tests="4" name="Practice_Demo.DataProvider_Facebook_Sign_Test" time="20.869" errors="0" timestamp="2023-12-19T17:31:33 IST" skipped="0">
  <testcase classname="Practice_Demo.DataProvider_Facebook_Sign_Test" name="test" time="4.044"/>
  <system-out/>
  <testcase classname="Practice_Demo.DataProvider_Facebook_Sign_Test" name="test" time="4.161"/>
  <system-out/>
  <testcase classname="Practice_Demo.DataProvider_Facebook_Sign_Test" name="test" time="5.096"/>
  <system-out/>
  <testcase classname="Practice_Demo.DataProvider_Facebook_Sign_Test" name="test" time="7.568"/>
  <system-out/>
</testsuite> <!-- Practice_Demo.DataProvider_Facebook_Sign_Test -->
