<?xml version="1.0" encoding="UTF-8"?>
<!-- Generated by org.testng.reporters.JUnitReportReporter -->
<testsuite hostname="hp" failures="0" tests="1" name="Arrays.Find_Missing_Number_In_Array" time="0.027" errors="0" timestamp="2023-12-07T07:38:36 IST" skipped="0">
  <testcase classname="Arrays.Find_Missing_Number_In_Array" name="missingNumberBetween1_9" time="0.027"/>
  <system-out/>
</testsuite> <!-- Arrays.Find_Missing_Number_In_Array -->
