<?xml version="1.0" encoding="UTF-8"?>
<!-- Generated by org.testng.reporters.JUnitReportReporter -->
<testsuite hostname="hp" failures="0" tests="1" name="Arrays.Sum_Of_Max_3_number_Of_Array" time="0.024" errors="0" timestamp="2023-12-08T17:45:58 IST" skipped="0">
  <testcase classname="Arrays.Sum_Of_Max_3_number_Of_Array" name="sumOf3Max" time="0.024"/>
  <system-out/>
</testsuite> <!-- Arrays.Sum_Of_Max_3_number_Of_Array -->
