<?xml version="1.0" encoding="UTF-8"?>
<!-- Generated by org.testng.reporters.JUnitReportReporter -->
<testsuite hostname="hp" failures="0" tests="1" name="Map.Treemap_Test" time="0.016" errors="0" timestamp="2023-12-06T13:34:12 IST" skipped="0">
  <testcase classname="Map.Treemap_Test" name="test" time="0.016"/>
  <system-out/>
</testsuite> <!-- Map.Treemap_Test -->
