<?xml version="1.0" encoding="UTF-8"?>
<!-- Generated by org.testng.reporters.JUnitReportReporter -->
<testsuite hostname="hp" failures="0" tests="1" name="Strings.OccurenceOfEachCharacter" time="0.015" errors="0" timestamp="2023-12-07T13:01:41 IST" skipped="0">
  <testcase classname="Strings.OccurenceOfEachCharacter" name="test" time="0.015"/>
  <system-out/>
</testsuite> <!-- Strings.OccurenceOfEachCharacter -->
