<?xml version="1.0" encoding="UTF-8"?>
<!-- Generated by org.testng.reporters.JUnitReportReporter -->
<testsuite hostname="hp" failures="0" tests="1" name="Arrays.Find_Maximum_Length_Value_In_NumberString_Array" time="0.012" errors="0" timestamp="2023-12-28T13:04:27 IST" skipped="0">
  <testcase classname="Arrays.Find_Maximum_Length_Value_In_NumberString_Array" name="MaxNumberValue" time="0.012"/>
  <system-out/>
</testsuite> <!-- Arrays.Find_Maximum_Length_Value_In_NumberString_Array -->
