<?xml version="1.0" encoding="UTF-8"?>
<!-- Generated by org.testng.reporters.JUnitReportReporter -->
<testsuite hostname="hp" failures="0" tests="1" name="Number_Series_Programs.Palindrome" time="0.018" errors="0" timestamp="2023-12-08T14:48:04 IST" skipped="0">
  <testcase classname="Number_Series_Programs.Palindrome" name="test" time="0.018"/>
  <system-out/>
</testsuite> <!-- Number_Series_Programs.Palindrome -->
