<?xml version="1.0" encoding="UTF-8"?>
<!-- Generated by org.testng.reporters.JUnitReportReporter -->
<testsuite hostname="hp" failures="0" tests="1" name="Assignment_01.HighlightWebElement" time="7.212" errors="0" timestamp="2024-01-16T11:34:26 IST" skipped="0">
  <testcase classname="Assignment_01.HighlightWebElement" name="HightLigthAndTakeScreenShot" time="7.212"/>
  <system-out/>
</testsuite> <!-- Assignment_01.HighlightWebElement -->
