<?xml version="1.0" encoding="UTF-8"?>
<!-- Generated by org.testng.reporters.JUnitReportReporter -->
<testsuite hostname="hp" failures="0" tests="1" name="Number_Series_Programs.Print_Smallest_EvenNumber_In_Array" time="0.015" errors="0" timestamp="2023-12-08T15:43:07 IST" skipped="0">
  <testcase classname="Number_Series_Programs.Print_Smallest_EvenNumber_In_Array" name="test" time="0.015"/>
  <system-out/>
</testsuite> <!-- Number_Series_Programs.Print_Smallest_EvenNumber_In_Array -->
