<?xml version="1.0" encoding="UTF-8"?>
<!-- Generated by org.testng.reporters.JUnitReportReporter -->
<testsuite hostname="hp" failures="0" tests="2" name="Strings.Reverse_Each_Word" time="0.017" errors="0" timestamp="2023-12-07T12:46:44 IST" skipped="1">
  <testcase classname="Strings.Reverse_Each_Word" name="revereEach_Word_2" time="0.017"/>
  <system-out/>
  <testcase classname="Strings.Reverse_Each_Word" name="reverse_Word">
    <skipped/>
  </testcase> <!-- reverse_Word -->
  <system-out/>
</testsuite> <!-- Strings.Reverse_Each_Word -->
