<?xml version="1.0" encoding="UTF-8"?>
<!-- Generated by org.testng.reporters.JUnitReportReporter -->
<testsuite hostname="hp" failures="0" tests="1" name="WebElementsMethods.p1" time="4.829" errors="0" timestamp="2024-01-16T15:23:18 IST" skipped="0">
  <testcase classname="WebElementsMethods.p1" name="test" time="4.829"/>
  <system-out/>
</testsuite> <!-- WebElementsMethods.p1 -->
