<?xml version="1.0" encoding="UTF-8"?>
<!-- Generated by org.testng.reporters.JUnitReportReporter -->
<testsuite hostname="hp" failures="0" tests="2" name="PracticeTestNG.OrderOfExecutionInTestNg" time="0.016" errors="0" timestamp="2023-11-20T17:50:17 IST" skipped="0">
  <testcase classname="PracticeTestNG.OrderOfExecutionInTestNg" name="test1" time="0.011"/>
  <system-out/>
  <testcase classname="PracticeTestNG.OrderOfExecutionInTestNg" name="test2" time="0.005"/>
  <system-out/>
</testsuite> <!-- PracticeTestNG.OrderOfExecutionInTestNg -->
