<?xml version="1.0" encoding="UTF-8"?>
<!-- Generated by org.testng.reporters.JUnitReportReporter -->
<testsuite hostname="hp" failures="0" tests="1" name="Arrays.Print_Only_EvenNumber_From_Array" time="0.023" errors="0" timestamp="2023-12-09T20:25:00 IST" skipped="0">
  <testcase classname="Arrays.Print_Only_EvenNumber_From_Array" name="evenNumberFromArray" time="0.023"/>
  <system-out/>
</testsuite> <!-- Arrays.Print_Only_EvenNumber_From_Array -->
