<?xml version="1.0" encoding="UTF-8"?>
<!-- Generated by org.testng.reporters.JUnitReportReporter -->
<testsuite hostname="hp" failures="0" tests="1" name="PracticeTestNG.Demo_Test" time="0.021" errors="0" timestamp="2023-11-23T10:27:28 IST" skipped="0">
  <testcase classname="PracticeTestNG.Demo_Test" name="Demo1" time="0.021"/>
  <system-out/>
</testsuite> <!-- PracticeTestNG.Demo_Test -->
