<?xml version="1.0" encoding="UTF-8"?>
<!-- Generated by org.testng.reporters.JUnitReportReporter -->
<testsuite hostname="hp" failures="0" tests="1" name="Strings.OccurenceOfEachCharacter" time="24.062" errors="0" timestamp="2023-12-11T17:22:04 IST" skipped="0">
  <testcase classname="Strings.OccurenceOfEachCharacter" name="test" time="24.062"/>
  <system-out/>
</testsuite> <!-- Strings.OccurenceOfEachCharacter -->
