<?xml version="1.0" encoding="UTF-8"?>
<!-- Generated by org.testng.reporters.JUnitReportReporter -->
<testsuite hostname="hp" failures="0" tests="1" name="Arrays.Adding_Two_Arrays" time="0.014" errors="0" timestamp="2023-12-28T12:02:44 IST" skipped="0">
  <testcase classname="Arrays.Adding_Two_Arrays" name="test" time="0.014"/>
  <system-out/>
</testsuite> <!-- Arrays.Adding_Two_Arrays -->
