<?xml version="1.0" encoding="UTF-8"?>
<!-- Generated by org.testng.reporters.JUnitReportReporter -->
<testsuite hostname="hp" failures="0" tests="1" name="Practice_Demo.practice" time="34.135" errors="0" timestamp="2023-11-21T13:35:07 IST" skipped="0">
  <testcase classname="Practice_Demo.practice" name="test" time="34.135"/>
  <system-out/>
</testsuite> <!-- Practice_Demo.practice -->
