<?xml version="1.0" encoding="UTF-8"?>
<!-- Generated by org.testng.reporters.JUnitReportReporter -->
<testsuite hostname="hp" failures="0" tests="1" name="Strings.Print_Vowel_Without_Duplicate" time="0.019" errors="0" timestamp="2023-12-07T18:00:02 IST" skipped="0">
  <testcase classname="Strings.Print_Vowel_Without_Duplicate" name="Approach_2" time="0.019"/>
  <system-out/>
</testsuite> <!-- Strings.Print_Vowel_Without_Duplicate -->
