<?xml version="1.0" encoding="UTF-8"?>
<!-- Generated by org.testng.reporters.JUnitReportReporter -->
<testsuite hostname="hp" failures="0" tests="1" name="JavaPracticePrograms.impProgram" time="0.015" errors="0" timestamp="2024-01-01T17:35:17 IST" skipped="0">
  <testcase classname="JavaPracticePrograms.impProgram" name="imp1" time="0.015"/>
  <system-out/>
</testsuite> <!-- JavaPracticePrograms.impProgram -->
