<?xml version="1.0" encoding="UTF-8"?>
<!-- Generated by org.testng.reporters.JUnitReportReporter -->
<testsuite hostname="hp" failures="0" tests="1" name="Practice_Demo.How_To_Write_Multiple_Data_into_Excel_Sheet" time="10.633" errors="0" timestamp="2023-11-15T09:17:33 IST" skipped="0">
  <testcase classname="Practice_Demo.How_To_Write_Multiple_Data_into_Excel_Sheet" name="test" time="10.633"/>
  <system-out/>
</testsuite> <!-- Practice_Demo.How_To_Write_Multiple_Data_into_Excel_Sheet -->
