<?xml version="1.0" encoding="UTF-8"?>
<!-- Generated by org.testng.reporters.JUnitReportReporter -->
<testsuite hostname="hp" failures="0" tests="1" name="Strings.Assign_Occurence_Of_Character_By_LinkedHashSet" time="0.022" errors="0" timestamp="2023-12-08T10:22:37 IST" skipped="0">
  <testcase classname="Strings.Assign_Occurence_Of_Character_By_LinkedHashSet" name="OccurenceCharacter" time="0.022"/>
  <system-out/>
</testsuite> <!-- Strings.Assign_Occurence_Of_Character_By_LinkedHashSet -->
