<?xml version="1.0" encoding="UTF-8"?>
<!-- Generated by org.testng.reporters.JUnitReportReporter -->
<testsuite hostname="hp" failures="0" tests="1" name="Strings.Print_Vowel_Without_Duplicate" time="0.017" errors="0" timestamp="2024-01-02T13:38:04 IST" skipped="0">
  <testcase classname="Strings.Print_Vowel_Without_Duplicate" name="Approach_1_WithDuplicates" time="0.017"/>
  <system-out/>
</testsuite> <!-- Strings.Print_Vowel_Without_Duplicate -->
