<?xml version="1.0" encoding="UTF-8"?>
<!-- Generated by org.testng.reporters.JUnitReportReporter -->
<testsuite hostname="hp" failures="0" tests="1" name="PracticeTestNG.Practice_Test" time="0.001" errors="0" timestamp="2023-11-23T10:27:28 IST" skipped="0">
  <testcase classname="PracticeTestNG.Practice_Test" name="practice2" time="0.001"/>
  <system-out/>
</testsuite> <!-- PracticeTestNG.Practice_Test -->
