<?xml version="1.0" encoding="UTF-8"?>
<!-- Generated by org.testng.reporters.JUnitReportReporter -->
<testsuite hostname="hp" failures="0" tests="1" name="Java_Practice.Imp1" time="0.012" errors="0" timestamp="2024-01-11T18:57:59 IST" skipped="0">
  <testcase classname="Java_Practice.Imp1" name="test4" time="0.012"/>
  <system-out/>
</testsuite> <!-- Java_Practice.Imp1 -->
