<?xml version="1.0" encoding="UTF-8"?>
<!-- Generated by org.testng.reporters.JUnitReportReporter -->
<testsuite hostname="hp" failures="0" tests="1" name="Assignment_01.RishavAmazonAsignment" time="28.116" errors="0" timestamp="2024-01-13T16:47:32 IST" skipped="0">
  <testcase classname="Assignment_01.RishavAmazonAsignment" name="test" time="28.116"/>
  <system-out/>
</testsuite> <!-- Assignment_01.RishavAmazonAsignment -->
