<?xml version="1.0" encoding="UTF-8"?>
<!-- Generated by org.testng.reporters.JUnitReportReporter -->
<testsuite hostname="hp" failures="0" tests="1" name="Collection.LinkedList_test" time="0.020" errors="0" timestamp="2023-12-06T11:02:48 IST" skipped="0">
  <testcase classname="Collection.LinkedList_test" name="Linked" time="0.020"/>
  <system-out/>
</testsuite> <!-- Collection.LinkedList_test -->
