<?xml version="1.0" encoding="UTF-8"?>
<!-- Generated by org.testng.reporters.JUnitReportReporter -->
<testsuite hostname="hp" failures="0" tests="1" name="Automate_Project_TestCases.Manufacturer_shouldbe_able_To_Editproduct_and_Admin_should_be_able_to_see_Edit_product" time="14.660" errors="0" timestamp="2023-11-21T12:29:48 IST" skipped="0">
  <testcase classname="Automate_Project_TestCases.Manufacturer_shouldbe_able_To_Editproduct_and_Admin_should_be_able_to_see_Edit_product" name="test" time="14.660"/>
  <system-out/>
</testsuite> <!-- Automate_Project_TestCases.Manufacturer_shouldbe_able_To_Editproduct_and_Admin_should_be_able_to_see_Edit_product -->
