<?xml version="1.0" encoding="UTF-8"?>
<!-- Generated by org.testng.reporters.JUnitReportReporter -->
<testsuite hostname="hp" failures="0" tests="1" name="Assignment_01.GobiboTest" time="42.401" errors="0" timestamp="2024-01-17T09:55:00 IST" skipped="0">
  <testcase classname="Assignment_01.GobiboTest" name="test" time="42.401"/>
  <system-out/>
</testsuite> <!-- Assignment_01.GobiboTest -->
