<?xml version="1.0" encoding="UTF-8"?>
<!-- Generated by org.testng.reporters.JUnitReportReporter -->
<testsuite hostname="hp" failures="0" tests="1" name="Java_Practice.OccurenceOfEachCharacterByLinkedHasMap" time="0.014" errors="0" timestamp="2023-12-11T17:11:04 IST" skipped="0">
  <testcase classname="Java_Practice.OccurenceOfEachCharacterByLinkedHasMap" name="test" time="0.014"/>
  <system-out/>
</testsuite> <!-- Java_Practice.OccurenceOfEachCharacterByLinkedHasMap -->
