<?xml version="1.0" encoding="UTF-8"?>
<!-- Generated by org.testng.reporters.JUnitReportReporter -->
<testsuite hostname="hp" failures="0" tests="1" name="Assignment_01.redbus" time="53.485" errors="0" timestamp="2024-01-16T09:48:27 IST" skipped="0">
  <testcase classname="Assignment_01.redbus" name="test4" time="53.485"/>
  <system-out/>
</testsuite> <!-- Assignment_01.redbus -->
