<?xml version="1.0" encoding="UTF-8"?>
<!-- Generated by org.testng.reporters.JUnitReportReporter -->
<testsuite hostname="hp" failures="0" tests="1" name="Manufacturer_Module_SCM_Flex.Manufacturer_shouldbe_able_To_Editproduct_and_Admin_should_be_able_to_see_Edit_product_Test" time="7.569" errors="0" timestamp="2023-11-30T16:31:37 IST" skipped="0">
  <testcase classname="Manufacturer_Module_SCM_Flex.Manufacturer_shouldbe_able_To_Editproduct_and_Admin_should_be_able_to_see_Edit_product_Test" name="test" time="7.569"/>
  <system-out/>
</testsuite> <!-- Manufacturer_Module_SCM_Flex.Manufacturer_shouldbe_able_To_Editproduct_and_Admin_should_be_able_to_see_Edit_product_Test -->
