<?xml version="1.0" encoding="UTF-8"?>
<!-- Generated by org.testng.reporters.JUnitReportReporter -->
<testsuite hostname="hp" failures="0" tests="1" name="Strings.Reverse_And_Print_Only_Integer_Numbers" time="0.016" errors="0" timestamp="2023-12-08T12:04:20 IST" skipped="0">
  <testcase classname="Strings.Reverse_And_Print_Only_Integer_Numbers" name="reverse" time="0.016"/>
  <system-out/>
</testsuite> <!-- Strings.Reverse_And_Print_Only_Integer_Numbers -->
