<?xml version="1.0" encoding="UTF-8"?>
<!-- Generated by org.testng.reporters.JUnitReportReporter -->
<testsuite hostname="hp" failures="0" tests="1" name="Strings.OccurenceOfEachCharacter" time="0.022" errors="0" timestamp="2024-01-16T18:17:43 IST" skipped="0">
  <testcase classname="Strings.OccurenceOfEachCharacter" name="test" time="0.022"/>
  <system-out/>
</testsuite> <!-- Strings.OccurenceOfEachCharacter -->
