<?xml version="1.0" encoding="UTF-8"?>
<!-- Generated by org.testng.reporters.JUnitReportReporter -->
<testsuite hostname="hp" failures="0" tests="1" name="PatternPrograms.p4" time="0.016" errors="0" timestamp="2023-12-08T13:32:51 IST" skipped="0">
  <testcase classname="PatternPrograms.p4" name="test" time="0.016"/>
  <system-out/>
</testsuite> <!-- PatternPrograms.p4 -->
