<?xml version="1.0" encoding="UTF-8"?>
<!-- Generated by org.testng.reporters.JUnitReportReporter -->
<testsuite hostname="hp" failures="0" tests="1" name="Arrays.FindSmallestNumberInArray" time="0.021" errors="0" timestamp="2023-12-06T16:33:05 IST" skipped="0">
  <testcase classname="Arrays.FindSmallestNumberInArray" name="FirstMaximumNumber" time="0.021"/>
  <system-out/>
</testsuite> <!-- Arrays.FindSmallestNumberInArray -->
