<?xml version="1.0" encoding="UTF-8"?>
<!-- Generated by org.testng.reporters.JUnitReportReporter -->
<testsuite hostname="hp" failures="0" tests="1" name="JavaPracticePrograms.FindMissingNumberInArray" time="0.016" errors="0" timestamp="2024-01-01T18:57:29 IST" skipped="0">
  <testcase classname="JavaPracticePrograms.FindMissingNumberInArray" name="test" time="0.016"/>
  <system-out/>
</testsuite> <!-- JavaPracticePrograms.FindMissingNumberInArray -->
