<?xml version="1.0" encoding="UTF-8"?>
<!-- Generated by org.testng.reporters.JUnitReportReporter -->
<testsuite hostname="hp" failures="0" tests="1" name="Arrays.Find_Missing_Number_In_Array" time="0.015" errors="0" timestamp="2024-01-01T18:56:40 IST" skipped="0">
  <testcase classname="Arrays.Find_Missing_Number_In_Array" name="missingNOBetween1To9" time="0.015"/>
  <system-out/>
</testsuite> <!-- Arrays.Find_Missing_Number_In_Array -->
