<?xml version="1.0" encoding="UTF-8"?>
<!-- Generated by org.testng.reporters.JUnitReportReporter -->
<testsuite hostname="hp" failures="0" tests="1" name="Strings.Occurence_Of_Characters_By_Using_Map" time="0.015" errors="0" timestamp="2023-12-07T15:18:18 IST" skipped="0">
  <testcase classname="Strings.Occurence_Of_Characters_By_Using_Map" name="test" time="0.015"/>
  <system-out/>
</testsuite> <!-- Strings.Occurence_Of_Characters_By_Using_Map -->
