<?xml version="1.0" encoding="UTF-8"?>
<!-- Generated by org.testng.reporters.JUnitReportReporter -->
<testsuite hostname="hp" failures="0" tests="1" name="Java_Practice.OccurenceOfEachCharacter" time="0.018" errors="0" timestamp="2024-01-11T15:16:29 IST" skipped="0">
  <testcase classname="Java_Practice.OccurenceOfEachCharacter" name="test" time="0.018"/>
  <system-out/>
</testsuite> <!-- Java_Practice.OccurenceOfEachCharacter -->
