<?xml version="1.0" encoding="UTF-8"?>
<!-- Generated by org.testng.reporters.JUnitReportReporter -->
<testsuite hostname="hp" failures="0" tests="1" name="Arrays.Find_Missing_Number_In_Array" time="0.018" errors="0" timestamp="2023-12-09T19:06:09 IST" skipped="0">
  <testcase classname="Arrays.Find_Missing_Number_In_Array" name="missingNOBetween1To9" time="0.018"/>
  <system-out/>
</testsuite> <!-- Arrays.Find_Missing_Number_In_Array -->
