<?xml version="1.0" encoding="UTF-8"?>
<!-- Generated by org.testng.reporters.JUnitReportReporter -->
<testsuite hostname="hp" failures="0" tests="1" name="Arrays.Assign_Print_Only_Duplicate_Elements_By_Using_LinkedHashSet" time="0.021" errors="0" timestamp="2023-12-08T10:11:29 IST" skipped="0">
  <testcase classname="Arrays.Assign_Print_Only_Duplicate_Elements_By_Using_LinkedHashSet" name="DuplicateElements" time="0.021"/>
  <system-out/>
</testsuite> <!-- Arrays.Assign_Print_Only_Duplicate_Elements_By_Using_LinkedHashSet -->
