<?xml version="1.0" encoding="UTF-8"?>
<!-- Generated by org.testng.reporters.JUnitReportReporter -->
<testsuite hostname="hp" failures="0" tests="1" name="Automate_Project_TestCases.To_check_add_retailers_page_is_displayed" time="5.961" errors="0" timestamp="2023-11-16T13:09:42 IST" skipped="0">
  <testcase classname="Automate_Project_TestCases.To_check_add_retailers_page_is_displayed" name="test" time="5.961"/>
  <system-out/>
</testsuite> <!-- Automate_Project_TestCases.To_check_add_retailers_page_is_displayed -->
