<?xml version="1.0" encoding="UTF-8"?>
<!-- Generated by org.testng.reporters.JUnitReportReporter -->
<testsuite hostname="hp" failures="0" tests="1" name="Automate_Project_TestCases.Manufacturer_should_be_able_to_update_stock_and_Admin_can_see_Update_Stock" time="13.976" errors="0" timestamp="2023-11-21T11:32:30 IST" skipped="0">
  <testcase classname="Automate_Project_TestCases.Manufacturer_should_be_able_to_update_stock_and_Admin_can_see_Update_Stock" name="test" time="13.976"/>
  <system-out/>
</testsuite> <!-- Automate_Project_TestCases.Manufacturer_should_be_able_to_update_stock_and_Admin_can_see_Update_Stock -->
