<?xml version="1.0" encoding="UTF-8"?>
<!-- Generated by org.testng.reporters.JUnitReportReporter -->
<testsuite hostname="hp" failures="0" tests="1" name="Java_Practice.Find_Maximum_Length_Value_In_String_Array" time="0.017" errors="0" timestamp="2024-01-06T11:17:47 IST" skipped="0">
  <testcase classname="Java_Practice.Find_Maximum_Length_Value_In_String_Array" name="test" time="0.017"/>
  <system-out/>
</testsuite> <!-- Java_Practice.Find_Maximum_Length_Value_In_String_Array -->
