<?xml version="1.0" encoding="UTF-8"?>
<!-- Generated by org.testng.reporters.JUnitReportReporter -->
<testsuite hostname="hp" failures="0" tests="1" name="Assignment_01.Gobibo" time="26.843" errors="0" timestamp="2024-01-13T16:44:06 IST" skipped="0">
  <testcase classname="Assignment_01.Gobibo" name="test" time="26.843"/>
  <system-out/>
</testsuite> <!-- Assignment_01.Gobibo -->
