<?xml version="1.0" encoding="UTF-8"?>
<!-- Generated by org.testng.reporters.JUnitReportReporter -->
<testsuite hostname="hp" failures="0" tests="1" name="DataDrivenTesting.CmdParameterTest" time="7.399" errors="0" timestamp="2023-11-10T16:48:52 IST" skipped="0">
  <testcase classname="DataDrivenTesting.CmdParameterTest" name="Test" time="7.399"/>
  <system-out/>
</testsuite> <!-- DataDrivenTesting.CmdParameterTest -->
