<?xml version="1.0" encoding="UTF-8"?>
<!-- Generated by org.testng.reporters.JUnitReportReporter -->
<testsuite hostname="hp" failures="0" tests="1" name="BrokenLinks.Nikhil1" time="16.403" errors="0" timestamp="2023-11-13T09:18:48 IST" skipped="0">
  <testcase classname="BrokenLinks.Nikhil1" name="test" time="16.403"/>
  <system-out/>
</testsuite> <!-- BrokenLinks.Nikhil1 -->
