<?xml version="1.0" encoding="UTF-8"?>
<!-- Generated by org.testng.reporters.JUnitReportReporter -->
<testsuite hostname="hp" failures="0" tests="1" name="Number_Series_Programs.PrimeNumber_From_1_30" time="0.013" errors="0" timestamp="2023-12-08T15:15:29 IST" skipped="0">
  <testcase classname="Number_Series_Programs.PrimeNumber_From_1_30" name="test" time="0.013"/>
  <system-out/>
</testsuite> <!-- Number_Series_Programs.PrimeNumber_From_1_30 -->
