<?xml version="1.0" encoding="UTF-8"?>
<!-- Generated by org.testng.reporters.JUnitReportReporter -->
<testsuite hostname="hp" failures="0" tests="6" name="PracticeTestNG.ExecuteDPTest" time="0.017" errors="0" timestamp="2023-11-27T09:21:06 IST" skipped="0">
  <testcase classname="PracticeTestNG.ExecuteDPTest" name="getData" time="0.002"/>
  <system-out/>
  <testcase classname="PracticeTestNG.ExecuteDPTest" name="getData" time="0.001"/>
  <system-out/>
  <testcase classname="PracticeTestNG.ExecuteDPTest" name="getData" time="0.002"/>
  <system-out/>
  <testcase classname="PracticeTestNG.ExecuteDPTest" name="getData" time="0.002"/>
  <system-out/>
  <testcase classname="PracticeTestNG.ExecuteDPTest" name="getData" time="0.008"/>
  <system-out/>
  <testcase classname="PracticeTestNG.ExecuteDPTest" name="getData" time="0.002"/>
  <system-out/>
</testsuite> <!-- PracticeTestNG.ExecuteDPTest -->
