<?xml version="1.0" encoding="UTF-8"?>
<!-- Generated by org.testng.reporters.JUnitReportReporter -->
<testsuite hostname="hp" failures="0" tests="1" name="Arrays.Assign_Occurence_Of_Each_Characters_In_Array" time="0.014" errors="0" timestamp="2023-12-08T16:30:41 IST" skipped="0">
  <testcase classname="Arrays.Assign_Occurence_Of_Each_Characters_In_Array" name="test" time="0.014"/>
  <system-out/>
</testsuite> <!-- Arrays.Assign_Occurence_Of_Each_Characters_In_Array -->
