<?xml version="1.0" encoding="UTF-8"?>
<!-- Generated by org.testng.reporters.JUnitReportReporter -->
<testsuite hostname="hp" failures="0" tests="1" name="PatternPrograms.p2" time="0.023" errors="0" timestamp="2023-12-08T12:33:28 IST" skipped="0">
  <testcase classname="PatternPrograms.p2" name="test" time="0.023"/>
  <system-out/>
</testsuite> <!-- PatternPrograms.p2 -->
