<?xml version="1.0" encoding="UTF-8"?>
<!-- Generated by org.testng.reporters.JUnitReportReporter -->
<testsuite hostname="hp" failures="0" tests="1" name="Java_Practice.RemoveDuplicateNumberFromArray" time="0.016" errors="0" timestamp="2024-01-07T17:21:34 IST" skipped="0">
  <testcase classname="Java_Practice.RemoveDuplicateNumberFromArray" name="test" time="0.016"/>
  <system-out/>
</testsuite> <!-- Java_Practice.RemoveDuplicateNumberFromArray -->
