<?xml version="1.0" encoding="UTF-8"?>
<!-- Generated by org.testng.reporters.JUnitReportReporter -->
<testsuite hostname="hp" failures="0" tests="1" name="Assignment_01.arpanGobibo" time="27.438" errors="0" timestamp="2024-01-17T09:55:48 IST" skipped="0">
  <testcase classname="Assignment_01.arpanGobibo" name="main2" time="27.438"/>
  <system-out/>
</testsuite> <!-- Assignment_01.arpanGobibo -->
