<?xml version="1.0" encoding="UTF-8"?>
<!-- Generated by org.testng.reporters.JUnitReportReporter -->
<testsuite hostname="hp" failures="0" tests="1" name="PatternPrograms.p7" time="0.014" errors="0" timestamp="2023-12-08T13:34:02 IST" skipped="0">
  <testcase classname="PatternPrograms.p7" name="test" time="0.014"/>
  <system-out/>
</testsuite> <!-- PatternPrograms.p7 -->
