<?xml version="1.0" encoding="UTF-8"?>
<!-- Generated by org.testng.reporters.JUnitReportReporter -->
<testsuite hostname="hp" failures="0" tests="1" name="Strings.Split_" time="0.017" errors="0" timestamp="2023-12-07T11:16:08 IST" skipped="0">
  <testcase classname="Strings.Split_" name="test" time="0.017"/>
  <system-out/>
</testsuite> <!-- Strings.Split_ -->
