<?xml version="1.0" encoding="UTF-8"?>
<!-- Generated by org.testng.reporters.JUnitReportReporter -->
<testsuite hostname="hp" failures="0" tests="5" name="Strings.ReverseString" time="0.021" errors="0" timestamp="2023-12-07T10:37:39 IST" skipped="0">
  <testcase classname="Strings.ReverseString" name="reverse_1" time="0.014"/>
  <system-out/>
  <testcase classname="Strings.ReverseString" name="revese_3" time="0.001"/>
  <system-out/>
  <testcase classname="Strings.ReverseString" name="reverse_2" time="0.002"/>
  <system-out/>
  <testcase classname="Strings.ReverseString" name="reverse_4" time="0.002"/>
  <system-out/>
  <testcase classname="Strings.ReverseString" name="reverse_6" time="0.002"/>
  <system-out/>
</testsuite> <!-- Strings.ReverseString -->
