<?xml version="1.0" encoding="UTF-8"?>
<!-- Generated by org.testng.reporters.JUnitReportReporter -->
<testsuite hostname="hp" failures="0" tests="1" name="Strings.Assign_Occurenace_of_word_in_String_By_LinkedHashMap" time="0.019" errors="0" timestamp="2023-12-08T09:44:01 IST" skipped="0">
  <testcase classname="Strings.Assign_Occurenace_of_word_in_String_By_LinkedHashMap" name="OccurenceCharacters" time="0.019"/>
  <system-out/>
</testsuite> <!-- Strings.Assign_Occurenace_of_word_in_String_By_LinkedHashMap -->
