<?xml version="1.0" encoding="UTF-8"?>
<!-- Generated by org.testng.reporters.JUnitReportReporter -->
<testsuite hostname="hp" failures="0" tests="1" name="Map.HashTable_test" time="0.018" errors="0" timestamp="2023-12-06T13:24:52 IST" skipped="0">
  <testcase classname="Map.HashTable_test" name="test" time="0.018"/>
  <system-out/>
</testsuite> <!-- Map.HashTable_test -->
