<?xml version="1.0" encoding="UTF-8"?>
<!-- Generated by org.testng.reporters.JUnitReportReporter -->
<testsuite hostname="hp" failures="0" tests="1" name="Strings.Reverse_Each_Word" time="0.012" errors="0" timestamp="2023-12-28T12:33:12 IST" skipped="0">
  <testcase classname="Strings.Reverse_Each_Word" name="revereEach_Word_2" time="0.012"/>
  <system-out/>
</testsuite> <!-- Strings.Reverse_Each_Word -->
