<?xml version="1.0" encoding="UTF-8"?>
<!-- Generated by org.testng.reporters.JUnitReportReporter -->
<testsuite hostname="hp" failures="0" tests="4" name="PracticeTestNG.TestNg" time="0.021" errors="0" timestamp="2023-11-20T12:34:20 IST" skipped="0">
  <testcase classname="PracticeTestNG.TestNg" name="deletetest" time="0.014"/>
  <system-out/>
  <testcase classname="PracticeTestNG.TestNg" name="edittest" time="0.003"/>
  <system-out/>
  <testcase classname="PracticeTestNG.TestNg" name="modifytest" time="0.001"/>
  <system-out/>
  <testcase classname="PracticeTestNG.TestNg" name="createtest" time="0.003"/>
  <system-out/>
</testsuite> <!-- PracticeTestNG.TestNg -->
