<?xml version="1.0" encoding="UTF-8"?>
<!-- Generated by org.testng.reporters.JUnitReportReporter -->
<testsuite hostname="hp" failures="0" tests="1" name="Java_Practice.Gamil" time="8.043" errors="0" timestamp="2024-01-08T13:52:49 IST" skipped="0">
  <testcase classname="Java_Practice.Gamil" name="test" time="8.043"/>
  <system-out/>
</testsuite> <!-- Java_Practice.Gamil -->
