<?xml version="1.0" encoding="UTF-8"?>
<!-- Generated by org.testng.reporters.JUnitReportReporter -->
<testsuite hostname="hp" failures="0" tests="1" name="DataDrivenTesting.CmdParameterTest" time="6.482" errors="0" timestamp="2023-11-10T16:46:35 IST" skipped="0">
  <testcase classname="DataDrivenTesting.CmdParameterTest" name="Test" time="6.482"/>
  <system-out/>
</testsuite> <!-- DataDrivenTesting.CmdParameterTest -->
